# JRE version: OpenJDK Runtime Environment (8.0_152-b01) (build 1.8.0_152-release-1024-b01)
# Java VM: OpenJDK 64-Bit Server VM (25.152-b01 mixed mode bsd-amd64 compressed oops)
Heap:
 PSYoungGen      total 471040K, used 53246K [0x00000007a0000000, 0x00000007c0000000, 0x00000007c0000000)
  eden space 417792K, 0% used [0x00000007a0000000,0x00000007a0000000,0x00000007b9800000)
  from space 53248K, 99% used [0x00000007b9800000,0x00000007bcbffa78,0x00000007bcc00000)
  to   space 53248K, 0% used [0x00000007bcc00000,0x00000007bcc00000,0x00000007c0000000)
 ParOldGen       total 230400K, used 228361K [0x0000000760000000, 0x000000076e100000, 0x00000007a0000000)
  object space 230400K, 99% used [0x0000000760000000,0x000000076df02500,0x000000076e100000)
 Metaspace       used 126627K, capacity 131542K, committed 131672K, reserved 1165312K
  class space    used 15641K, capacity 16670K, committed 16728K, reserved 1048576K
GC Heap History (10 events):
Event: 1716.713 GC heap after
Heap after GC invocations=23 (full 4):
 PSYoungGen      total 482304K, used 13305K [0x00000007a0000000, 0x00000007bfe80000, 0x00000007c0000000)
  eden space 440320K, 0% used [0x00000007a0000000,0x00000007a0000000,0x00000007bae00000)
  from space 41984K, 31% used [0x00000007bae00000,0x00000007bbafe528,0x00000007bd700000)
  to   space 40448K, 0% used [0x00000007bd700000,0x00000007bd700000,0x00000007bfe80000)
 ParOldGen       total 230400K, used 137858K [0x0000000760000000, 0x000000076e100000, 0x00000007a0000000)
  object space 230400K, 59% used [0x0000000760000000,0x00000007686a08c0,0x000000076e100000)
 Metaspace       used 90803K, capacity 95088K, committed 95192K, reserved 1132544K
  class space    used 11529K, capacity 12456K, committed 12504K, reserved 1048576K
}
Event: 1742.272 GC heap before
{Heap before GC invocations=24 (full 4):
 PSYoungGen      total 482304K, used 449197K [0x00000007a0000000, 0x00000007bfe80000, 0x00000007c0000000)
  eden space 440320K, 98% used [0x00000007a0000000,0x00000007ba9ad148,0x00000007bae00000)
  from space 41984K, 31% used [0x00000007bae00000,0x00000007bbafe528,0x00000007bd700000)
  to   space 40448K, 0% used [0x00000007bd700000,0x00000007bd700000,0x00000007bfe80000)
 ParOldGen       total 230400K, used 137858K [0x0000000760000000, 0x000000076e100000, 0x00000007a0000000)
  object space 230400K, 59% used [0x0000000760000000,0x00000007686a08c0,0x000000076e100000)
 Metaspace       used 114761K, capacity 119258K, committed 119640K, reserved 1153024K
  class space    used 14635K, capacity 15626K, committed 15704K, reserved 1048576K
Event: 1742.354 GC heap after
Heap after GC invocations=24 (full 4):
 PSYoungGen      total 462336K, used 40433K [0x00000007a0000000, 0x00000007c0000000, 0x00000007c0000000)
  eden space 421888K, 0% used [0x00000007a0000000,0x00000007a0000000,0x00000007b9c00000)
  from space 40448K, 99% used [0x00000007bd700000,0x00000007bfe7c690,0x00000007bfe80000)
  to   space 51200K, 0% used [0x00000007b9c00000,0x00000007b9c00000,0x00000007bce00000)
 ParOldGen       total 230400K, used 149917K [0x0000000760000000, 0x000000076e100000, 0x00000007a0000000)
  object space 230400K, 65% used [0x0000000760000000,0x00000007692674c8,0x000000076e100000)
 Metaspace       used 114761K, capacity 119258K, committed 119640K, reserved 1153024K
  class space    used 14635K, capacity 15626K, committed 15704K, reserved 1048576K
}
Event: 1743.274 GC heap before
{Heap before GC invocations=25 (full 4):
 PSYoungGen      total 462336K, used 438881K [0x00000007a0000000, 0x00000007c0000000, 0x00000007c0000000)
  eden space 421888K, 94% used [0x00000007a0000000,0x00000007b851be80,0x00000007b9c00000)
  from space 40448K, 99% used [0x00000007bd700000,0x00000007bfe7c690,0x00000007bfe80000)
  to   space 51200K, 0% used [0x00000007b9c00000,0x00000007b9c00000,0x00000007bce00000)
 ParOldGen       total 230400K, used 149917K [0x0000000760000000, 0x000000076e100000, 0x00000007a0000000)
  object space 230400K, 65% used [0x0000000760000000,0x00000007692674c8,0x000000076e100000)
 Metaspace       used 116448K, capacity 121142K, committed 121560K, reserved 1155072K
  class space    used 14807K, capacity 15812K, committed 15832K, reserved 1048576K
Event: 1743.317 GC heap after
Heap after GC invocations=25 (full 4):
 PSYoungGen      total 473088K, used 22299K [0x00000007a0000000, 0x00000007c0000000, 0x00000007c0000000)
  eden space 421888K, 0% used [0x00000007a0000000,0x00000007a0000000,0x00000007b9c00000)
  from space 51200K, 43% used [0x00000007b9c00000,0x00000007bb1c6f90,0x00000007bce00000)
  to   space 48640K, 0% used [0x00000007bd080000,0x00000007bd080000,0x00000007c0000000)
 ParOldGen       total 230400K, used 158309K [0x0000000760000000, 0x000000076e100000, 0x00000007a0000000)
  object space 230400K, 68% used [0x0000000760000000,0x0000000769a995f0,0x000000076e100000)
 Metaspace       used 116448K, capacity 121142K, committed 121560K, reserved 1155072K
  class space    used 14807K, capacity 15812K, committed 15832K, reserved 1048576K
}
Event: 1748.183 GC heap before
{Heap before GC invocations=26 (full 4):
 PSYoungGen      total 473088K, used 444187K [0x00000007a0000000, 0x00000007c0000000, 0x00000007c0000000)
  eden space 421888K, 100% used [0x00000007a0000000,0x00000007b9c00000,0x00000007b9c00000)
  from space 51200K, 43% used [0x00000007b9c00000,0x00000007bb1c6f90,0x00000007bce00000)
  to   space 48640K, 0% used [0x00000007bd080000,0x00000007bd080000,0x00000007c0000000)
 ParOldGen       total 230400K, used 158309K [0x0000000760000000, 0x000000076e100000, 0x00000007a0000000)
  object space 230400K, 68% used [0x0000000760000000,0x0000000769a995f0,0x000000076e100000)
 Metaspace       used 126223K, capacity 131078K, committed 131416K, reserved 1163264K
  class space    used 15594K, capacity 16620K, committed 16728K, reserved 1048576K
Event: 1748.250 GC heap after
Heap after GC invocations=26 (full 4):
 PSYoungGen      total 466432K, used 40961K [0x00000007a0000000, 0x00000007c0000000, 0x00000007c0000000)
  eden space 417792K, 0% used [0x00000007a0000000,0x00000007a0000000,0x00000007b9800000)
  from space 48640K, 84% used [0x00000007bd080000,0x00000007bf8804e8,0x00000007c0000000)
  to   space 53248K, 0% used [0x00000007b9800000,0x00000007b9800000,0x00000007bcc00000)
 ParOldGen       total 230400K, used 158418K [0x0000000760000000, 0x000000076e100000, 0x00000007a0000000)
  object space 230400K, 68% used [0x0000000760000000,0x0000000769ab49a0,0x000000076e100000)
 Metaspace       used 126223K, capacity 131078K, committed 131416K, reserved 1163264K
  class space    used 15594K, capacity 16620K, committed 16728K, reserved 1048576K
}
Event: 1750.413 GC heap before
{Heap before GC invocations=27 (full 4):
 PSYoungGen      total 466432K, used 458753K [0x00000007a0000000, 0x00000007c0000000, 0x00000007c0000000)
  eden space 417792K, 100% used [0x00000007a0000000,0x00000007b9800000,0x00000007b9800000)
  from space 48640K, 84% used [0x00000007bd080000,0x00000007bf8804e8,0x00000007c0000000)
  to   space 53248K, 0% used [0x00000007b9800000,0x00000007b9800000,0x00000007bcc00000)
 ParOldGen       total 230400K, used 158418K [0x0000000760000000, 0x000000076e100000, 0x00000007a0000000)
  object space 230400K, 68% used [0x0000000760000000,0x0000000769ab49a0,0x000000076e100000)
 Metaspace       used 126627K, capacity 131542K, committed 131672K, reserved 1165312K
  class space    used 15641K, capacity 16670K, committed 16728K, reserved 1048576K
Event: 1750.721 GC heap after
Heap after GC invocations=27 (full 4):
 PSYoungGen      total 471040K, used 53246K [0x00000007a0000000, 0x00000007c0000000, 0x00000007c0000000)
  eden space 417792K, 0% used [0x00000007a0000000,0x00000007a0000000,0x00000007b9800000)
  from space 53248K, 99% used [0x00000007b9800000,0x00000007bcbffa78,0x00000007bcc00000)
  to   space 53248K, 0% used [0x00000007bcc00000,0x00000007bcc00000,0x00000007c0000000)
 ParOldGen       total 230400K, used 228361K [0x0000000760000000, 0x000000076e100000, 0x00000007a0000000)
  object space 230400K, 99% used [0x0000000760000000,0x000000076df02500,0x000000076e100000)
 Metaspace       used 126627K, capacity 131542K, committed 131672K, reserved 1165312K
  class space    used 15641K, capacity 16670K, committed 16728K, reserved 1048576K
}
Event: 1750.721 GC heap before
{Heap before GC invocations=28 (full 5):
 PSYoungGen      total 471040K, used 53246K [0x00000007a0000000, 0x00000007c0000000, 0x00000007c0000000)
  eden space 417792K, 0% used [0x00000007a0000000,0x00000007a0000000,0x00000007b9800000)
  from space 53248K, 99% used [0x00000007b9800000,0x00000007bcbffa78,0x00000007bcc00000)
  to   space 53248K, 0% used [0x00000007bcc00000,0x00000007bcc00000,0x00000007c0000000)
 ParOldGen       total 230400K, used 228361K [0x0000000760000000, 0x000000076e100000, 0x00000007a0000000)
  object space 230400K, 99% used [0x0000000760000000,0x000000076df02500,0x000000076e100000)
 Metaspace       used 126627K, capacity 131542K, committed 131672K, reserved 1165312K
  class space    used 15641K, capacity 16670K, committed 16728K, reserved 1048576K

